<?xml version="1.0" encoding="UTF-8"?>
<!-- Generated by org.testng.reporters.JUnitReportReporter -->
<testsuite skipped="0" hostname="orin-PC" name="webTesting.GoogleSearchSanityTest" tests="1" failures="0" timestamp="2022-12-30T16:14:46 IST" time="2.741" errors="0">
  <testcase name="test_01_verifySearchResults" time="2.741" classname="webTesting.GoogleSearchSanityTest"/>
  <system-out/>
</testsuite> <!-- webTesting.GoogleSearchSanityTest -->
